
> chip-ppi@1.0.0 dev
> node --watch backend/server.js

file:///app/backend/supabase.js:15
    throw new Error('SUPABASE_URL e uma chave pública do Supabase são obrigatórias.');
          ^

Error: SUPABASE_URL e uma chave pública do Supabase são obrigatórias.
    at file:///app/backend/supabase.js:15:11
    at ModuleJob.run (node:internal/modules/esm/module_job:343:25)
    at process.processTicksAndRejections (node:internal/process/task_queues:103:5)
    at async onImport.tracePromise.__proto__ (node:internal/modules/esm/loader:665:26)
    at async asyncRunEntryPointWithESMLoader (node:internal/modules/run_main:117:5)

Node.js v22.22.1
Failed running 'backend/server.js'. Waiting for file changes before restarting...
Restarting 'backend/server.js'
file:///app/backend/supabase.js:15
    throw new Error('SUPABASE_URL e uma chave pública do Supabase são obrigatórias.');
          ^

Error: SUPABASE_URL e uma chave pública do Supabase são obrigatórias.
    at file:///app/backend/supabase.js:15:11
    at ModuleJob.run (node:internal/modules/esm/module_job:343:25)
    at process.pfile:///app/backend/supabase.js:15
    throw new Error('SUPABASE_URL e uma chave pública do Supabase são obrigatórias.');
          ^

Error: SUPABASE_URL e uma chave pública do Supabase são obrigatórias.
    at file:///app/backend/supabase.js:15:11
Failed running 'backend/server.js'. Waiting for file changes before restarting...
processTicksAndRejections (node:internal/process/task_queues:103:5)
    at async onImport.tracePromise.__proto__ (node:internal/modules/esm/loader:665:26)
    at async asyncRunEntryPointWithESMLoader (node:internal/modules/run_main:117:5)

Node.js v22.22.1
Failed running 'backend/server.js'. Waiting for file changes before restarting...
